已經開始建置於 2021/10/12 上午 05:09:54。
     1>節點 2 (Build 目標) 上的專案 "D:\course\Image Processing\Homework1\Homework1\Homework1.vcxproj"。
     1>ClCompile:
         C:\Program Files (x86)\Microsoft Visual Studio 14.0\VC\bin\CL.exe /c /AI"C:\Program Files (x86)\Reference Assemblies\Microsoft\Framework\.NETFramework\v4.5.2\\" /AI"C:\Program Files (x86)\Windows Kits\8.1\References\CommonConfiguration\Neutral" /AI"C:\Program Files (x86)\Reference Assemblies\Microsoft\Framework\.NETFramework\v4.5.2\Facades\\" /Zi /clr /nologo /W3 /WX- /O2 /Oy- /D WIN32 /D NDEBUG /D _UNICODE /D UNICODE /EHa /MD /GS /fp:precise /Zc:wchar_t /Zc:forScope /Zc:inline /Fo"Release\\" /Fd"Release\vc140.pdb" /TP /FU"C:\Program Files (x86)\Reference Assemblies\Microsoft\Framework\.NETFramework\v4.5.2\mscorlib.dll" /FU"C:\Program Files (x86)\Reference Assemblies\Microsoft\Framework\.NETFramework\v4.5.2\System.Data.dll" /FU"C:\Program Files (x86)\Reference Assemblies\Microsoft\Framework\.NETFramework\v4.5.2\System.dll" /FU"C:\Program Files (x86)\Reference Assemblies\Microsoft\Framework\.NETFramework\v4.5.2\System.Drawing.dll" /FU"C:\Program Files (x86)\Reference Assemblies\Microsoft\Framework\.NETFramework\v4.5.2\System.Windows.Forms.dll" /FU"C:\Program Files (x86)\Reference Assemblies\Microsoft\Framework\.NETFramework\v4.5.2\System.Xml.dll" /analyze- /errorReport:prompt /clr:nostdlib Connected_Component.cpp
         Connected_Component.cpp
       Link:
         C:\Program Files (x86)\Microsoft Visual Studio 14.0\VC\bin\link.exe /ERRORREPORT:PROMPT /OUT:"D:\course\Image Processing\Homework1\Release\Homework1.exe" /INCREMENTAL:NO /NOLOGO /ASSEMBLYRESOURCE:Release\Homework1.MyForm.resources /MANIFEST /MANIFESTUAC:"level='asInvoker' uiAccess='false'" /manifest:embed /Debug /PDB:"D:\course\Image Processing\Homework1\Release\Homework1.pdb" /TLBID:1 /DYNAMICBASE /FIXED:NO /NXCOMPAT /MACHINE:X86 /SAFESEH Release\Connected_Component.obj
         Release\Function.obj
         Release\MyForm.obj
         Release\ReadFile.obj
         Release\RGB_Extraction_Transformation.obj
         Release\Smooth_Filter.obj
         Release\Define_Thresholding.obj
         Release\Sobel_Edge_Detection.obj
         Release\Sobel_Threshold_Combine.obj
         "Release\.NETFramework,Version=v4.5.2.AssemblyAttributes.obj"
         Homework1.vcxproj -> D:\course\Image Processing\Homework1\Release\Homework1.exe
     1>專案 "D:\course\Image Processing\Homework1\Homework1\Homework1.vcxproj" (Build 目標) 建置完成。

建置成功。

經過時間 00:00:01.91
